
/home/runner/work/exp-velocity-analysis-nongrashof-nitk/exp-velocity-analysis-nongrashof-nitk/experiment/simulation/js/MOMscript.js
   22:10  warning  'point' is defined but never used       no-unused-vars
   30:10  warning  'pointtrans' is defined but never used  no-unused-vars
   38:10  warning  'pointdisp' is defined but never used   no-unused-vars
   88:10  warning  'pointdist' is defined but never used   no-unused-vars
   94:10  warning  'pointjoin' is defined but never used   no-unused-vars
  109:10  warning  'pointtrace' is defined but never used  no-unused-vars
  127:10  warning  'deg' is defined but never used         no-unused-vars
  137:10  warning  'drawrect' is defined but never used    no-unused-vars
  157:10  warning  'drawArrow' is defined but never used   no-unused-vars
  173:10  warning  'signof' is defined but never used      no-unused-vars
  179:10  warning  'roundd' is defined but never used      no-unused-vars
  185:10  warning  'plotgraph' is defined but never used   no-unused-vars
  195:1   warning  'i' is not defined                      no-undef
  197:7   warning  'i' is not defined                      no-undef
  199:20  warning  'i' is not defined                      no-undef
  199:27  warning  'i' is not defined                      no-undef
  200:2   warning  'i' is not defined                      no-undef
  201:6   warning  'i' is not defined                      no-undef
  204:3   warning  'i' is not defined                      no-undef
  204:5   warning  'i' is not defined                      no-undef

/home/runner/work/exp-velocity-analysis-nongrashof-nitk/exp-velocity-analysis-nongrashof-nitk/experiment/simulation/js/dpi.js
  39:5  error  Parsing error: Identifier 'canvas' has already been declared

/home/runner/work/exp-velocity-analysis-nongrashof-nitk/exp-velocity-analysis-nongrashof-nitk/experiment/simulation/js/jquery-3.6.0.js
     17:44  warning  'module' is not defined                                                    no-undef
     25:5   warning  'module' is not defined                                                    no-undef
    142:13  warning  'Symbol' is already defined as a built-in global variable                  no-redeclare
    717:22  warning  Unexpected control character(s) in regular expression: \x1f, \x1f          no-control-regex
    779:50  warning  Empty block statement                                                      no-empty
   2185:38  warning  Do not access Object.prototype method 'hasOwnProperty' from target object  no-prototype-builtins
   3205:16  warning  Unnecessary escape character: \/                                           no-useless-escape
   3507:52  warning  Empty block statement                                                      no-empty
   4584:21  warning  Empty block statement                                                      no-empty
   5051:28  warning  Unnecessary escape character: \/                                           no-useless-escape
   5268:19  warning  Empty block statement                                                      no-empty
   6564:25  warning  Empty block statement                                                      no-empty
   9171:17  warning  Empty block statement                                                      no-empty
   9819:28  warning  'urlAnchor.href' is assigned to itself                                     no-self-assign
  10269:17  warning  Empty block statement                                                      no-empty
  11162:39  warning  'define' is not defined                                                    no-undef
  11163:5   warning  'define' is not defined                                                    no-undef

/home/runner/work/exp-velocity-analysis-nongrashof-nitk/exp-velocity-analysis-nongrashof-nitk/experiment/simulation/js/jquery-ui.js
      9:39  warning  'define' is not defined                                      no-undef
     11:5   warning  'define' is not defined                                      no-undef
     14:13  warning  'jQuery' is not defined                                      no-undef
     21:7   warning  'version' is assigned a value but never used                 no-unused-vars
    797:7   warning  'widget' is assigned a value but never used                  no-unused-vars
    822:19  warning  Unnecessary escape character: \+                             no-useless-escape
    822:21  warning  Unnecessary escape character: \-                             no-useless-escape
   1365:7   warning  'position' is assigned a value but never used                no-unused-vars
   1381:7   warning  'data' is assigned a value but never used                    no-unused-vars
   1410:7   warning  'disableSelection' is assigned a value but never used        no-unused-vars
   1452:23  warning  Unnecessary escape character: \-                             no-useless-escape
   1462:39  warning  Unnecessary escape character: \%                             no-useless-escape
   1462:63  warning  Unnecessary escape character: \%                             no-useless-escape
   1462:87  warning  Unnecessary escape character: \%                             no-useless-escape
   1499:61  warning  Unnecessary escape character: \%                             no-useless-escape
   1499:85  warning  Unnecessary escape character: \%                             no-useless-escape
   2078:29  warning  Empty block statement                                        no-empty
   3120:63  warning  Empty block statement                                        no-empty
   3156:7   warning  'effectsEffectBlind' is assigned a value but never used      no-unused-vars
   3217:7   warning  'effectsEffectBounce' is assigned a value but never used     no-unused-vars
   3309:7   warning  'effectsEffectClip' is assigned a value but never used       no-unused-vars
   3360:7   warning  'effectsEffectDrop' is assigned a value but never used       no-unused-vars
   3418:7   warning  'effectsEffectExplode' is assigned a value but never used    no-unused-vars
   3523:7   warning  'effectsEffectFade' is assigned a value but never used       no-unused-vars
   3560:7   warning  'effectsEffectFold' is assigned a value but never used       no-unused-vars
   3639:7   warning  'effectsEffectHighlight' is assigned a value but never used  no-unused-vars
   3683:7   warning  'effectsEffectSize' is assigned a value but never used       no-unused-vars
   3884:7   warning  'effectsEffectScale' is assigned a value but never used      no-unused-vars
   3929:7   warning  'effectsEffectPuff' is assigned a value but never used       no-unused-vars
   3957:7   warning  'effectsEffectPulsate' is assigned a value but never used    no-unused-vars
   4007:7   warning  'effectsEffectShake' is assigned a value but never used      no-unused-vars
   4062:7   warning  'effectsEffectSlide' is assigned a value but never used      no-unused-vars
   4127:7   warning  'effect' is already defined                                  no-redeclare
   4133:7   warning  'effectsEffectTransfer' is assigned a value but never used   no-unused-vars
   4209:7   warning  'focusable' is assigned a value but never used               no-unused-vars
   4214:7   warning  'form' is assigned a value but never used                    no-unused-vars
   4234:7   warning  'formResetMixin' is assigned a value but never used          no-unused-vars
   4311:22  warning  Unexpected control character(s) in regular expression: \x1f  no-control-regex
   4369:7   warning  'keycode' is assigned a value but never used                 no-unused-vars
   4402:7   warning  'labels' is assigned a value but never used                  no-unused-vars
   4455:7   warning  'scrollParent' is assigned a value but never used            no-unused-vars
   4492:7   warning  'tabbable' is assigned a value but never used                no-unused-vars
   4516:7   warning  'uniqueId' is assigned a value but never used                no-unused-vars
   4558:7   warning  'widgetsAccordion' is assigned a value but never used        no-unused-vars
   5187:7   warning  'safeActiveElement' is assigned a value but never used       no-unused-vars
   5233:7   warning  'widgetsMenu' is assigned a value but never used             no-unused-vars
   5939:13  warning  Unnecessary escape character: \-                             no-useless-escape
   5939:15  warning  Unnecessary escape character: \[                             no-useless-escape
   5939:30  warning  Unnecessary escape character: \^                             no-useless-escape
   6581:30  warning  Unnecessary escape character: \-                             no-useless-escape
   6581:32  warning  Unnecessary escape character: \[                             no-useless-escape
   6581:47  warning  Unnecessary escape character: \^                             no-useless-escape
   6626:7   warning  'widgetsAutocomplete' is assigned a value but never used     no-unused-vars
   6648:7   warning  'widgetsControlgroup' is assigned a value but never used     no-unused-vars
   7239:7   warning  'widgetsCheckboxradio' is assigned a value but never used    no-unused-vars
   7686:7   warning  'widgetsButton' is assigned a value but never used           no-unused-vars
   7921:51  warning  Unnecessary escape character: \-                             no-useless-escape
   8620:23  warning  Empty block statement                                        no-empty
   9326:18  warning  Unexpected constant condition                                no-constant-condition
   9623:27  warning  Unnecessary escape character: \-                             no-useless-escape
  10293:40  warning  Unnecessary escape character: \-                             no-useless-escape
  10295:32  warning  Unnecessary escape character: \-                             no-useless-escape
  10435:35  warning  Unnecessary escape character: \-                             no-useless-escape
  10438:35  warning  Unnecessary escape character: \-                             no-useless-escape
  10603:7   warning  'widgetsDatepicker' is assigned a value but never used       no-unused-vars
  10606:7   warning  'ie' is assigned a value but never used                      no-unused-vars
  10627:7   warning  'widgetsMouse' is assigned a value but never used            no-unused-vars
  10835:7   warning  'plugin' is assigned a value but never used                  no-unused-vars
  10868:7   warning  'safeBlur' is assigned a value but never used                no-unused-vars
  12169:7   warning  'widgetsDraggable' is assigned a value but never used        no-unused-vars
  13428:7   warning  'widgetsResizable' is assigned a value but never used        no-unused-vars
  14383:7   warning  'widgetsDialog' is assigned a value but never used           no-unused-vars
  14902:7   warning  'widgetsDroppable' is assigned a value but never used        no-unused-vars
  14924:7   warning  'widgetsProgressbar' is assigned a value but never used      no-unused-vars
  15081:7   warning  'widgetsSelectable' is assigned a value but never used       no-unused-vars
  15399:7   warning  'widgetsSelectmenu' is assigned a value but never used       no-unused-vars
  16098:7   warning  'widgetsSlider' is assigned a value but never used           no-unused-vars
  16890:7   warning  'widgetsSortable' is assigned a value but never used         no-unused-vars
  17501:33  warning  Unnecessary escape character: \-                             no-useless-escape
  19078:15  warning  'Globalize' is not defined                                   no-undef
  19089:11  warning  'Globalize' is not defined                                   no-undef
  19209:7   warning  'widgetsSpinner' is assigned a value but never used          no-unused-vars
  19265:25  warning  Empty block statement                                        no-empty
  19268:25  warning  Empty block statement                                        no-empty
  19507:38  warning  Unnecessary escape character: \/                             no-useless-escape
  19507:47  warning  Unnecessary escape character: \[                             no-useless-escape
  19507:51  warning  Unnecessary escape character: \^                             no-useless-escape
  20132:7   warning  'widgetsTabs' is assigned a value but never used             no-unused-vars
  20643:7   warning  'widgetsTooltip' is assigned a value but never used          no-unused-vars

/home/runner/work/exp-velocity-analysis-nongrashof-nitk/exp-velocity-analysis-nongrashof-nitk/experiment/simulation/js/jquery.ui.touch-punch.js
  174:4  warning  'jQuery' is not defined  no-undef

/home/runner/work/exp-velocity-analysis-nongrashof-nitk/exp-velocity-analysis-nongrashof-nitk/experiment/simulation/js/jquery.ui.touch-punch.min.js
  81:4  warning  'jQuery' is not defined  no-undef

/home/runner/work/exp-velocity-analysis-nongrashof-nitk/exp-velocity-analysis-nongrashof-nitk/experiment/simulation/js/new-script.js
    6:5    warning  'commenttext' is assigned a value but never used  no-unused-vars
    7:5    warning  'commentloc' is assigned a value but never used   no-unused-vars
    9:16   warning  'point' is not defined                            no-undef
   10:17   warning  'point' is not defined                            no-undef
   12:12   warning  'point' is not defined                            no-undef
   13:12   warning  'point' is not defined                            no-undef
   14:12   warning  'point' is not defined                            no-undef
   15:12   warning  'point' is not defined                            no-undef
   17:13   warning  'point' is not defined                            no-undef
   18:14   warning  'point' is not defined                            no-undef
   19:14   warning  'point' is not defined                            no-undef
   20:14   warning  'point' is not defined                            no-undef
   27:14   warning  'gammadash' is assigned a value but never used    no-unused-vars
   27:27   warning  'theta3dash' is assigned a value but never used   no-unused-vars
   27:41   warning  'theta4dash' is assigned a value but never used   no-unused-vars
   33:5    warning  'scaleP' is assigned a value but never used       no-unused-vars
   38:5    warning  'time' is assigned a value but never used         no-unused-vars
   40:5    warning  'ptx' is assigned a value but never used          no-unused-vars
   41:5    warning  'pty' is assigned a value but never used          no-unused-vars
   43:5    warning  'legendCS' is assigned a value but never used     no-unused-vars
   44:5    warning  'quickrefCS' is assigned a value but never used   no-unused-vars
   46:5    warning  'temp' is assigned a value but never used         no-unused-vars
   51:10   warning  'editcss' is defined but never used               no-unused-vars
   53:1    warning  '$' is not defined                                no-undef
   54:1    warning  '$' is not defined                                no-undef
   62:10   warning  'startsim' is defined but never used              no-unused-vars
   68:10   warning  'simstate' is defined but never used              no-unused-vars
   75:1    warning  Mixed spaces and tabs                             no-mixed-spaces-and-tabs
   77:5    warning  '$' is not defined                                no-undef
   83:2    warning  Mixed spaces and tabs                             no-mixed-spaces-and-tabs
   84:2    warning  Mixed spaces and tabs                             no-mixed-spaces-and-tabs
  113:10   warning  'varinit' is defined but never used               no-unused-vars
  117:1    warning  '$' is not defined                                no-undef
  118:1    warning  '$' is not defined                                no-undef
  120:1    warning  '$' is not defined                                no-undef
  121:1    warning  '$' is not defined                                no-undef
  123:1    warning  '$' is not defined                                no-undef
  124:1    warning  '$' is not defined                                no-undef
  126:1    warning  '$' is not defined                                no-undef
  127:1    warning  '$' is not defined                                no-undef
  129:1    warning  '$' is not defined                                no-undef
  130:1    warning  '$' is not defined                                no-undef
  132:1    warning  '$' is not defined                                no-undef
  133:1    warning  '$' is not defined                                no-undef
  141:1    warning  '$' is not defined                                no-undef
  142:1    warning  '$' is not defined                                no-undef
  145:1    warning  '$' is not defined                                no-undef
  145:51   warning  '$' is not defined                                no-undef
  146:1    warning  '$' is not defined                                no-undef
  146:51   warning  '$' is not defined                                no-undef
  147:1    warning  '$' is not defined                                no-undef
  150:1    warning  '$' is not defined                                no-undef
  151:1    warning  '$' is not defined                                no-undef
  154:1    warning  '$' is not defined                                no-undef
  154:51   warning  '$' is not defined                                no-undef
  155:1    warning  '$' is not defined                                no-undef
  155:51   warning  '$' is not defined                                no-undef
  156:1    warning  '$' is not defined                                no-undef
  159:1    warning  '$' is not defined                                no-undef
  160:1    warning  '$' is not defined                                no-undef
  163:1    warning  '$' is not defined                                no-undef
  163:51   warning  '$' is not defined                                no-undef
  164:1    warning  '$' is not defined                                no-undef
  164:51   warning  '$' is not defined                                no-undef
  165:1    warning  '$' is not defined                                no-undef
  168:1    warning  '$' is not defined                                no-undef
  169:1    warning  '$' is not defined                                no-undef
  172:1    warning  '$' is not defined                                no-undef
  172:51   warning  '$' is not defined                                no-undef
  173:1    warning  '$' is not defined                                no-undef
  173:51   warning  '$' is not defined                                no-undef
  174:1    warning  '$' is not defined                                no-undef
  177:1    warning  '$' is not defined                                no-undef
  178:1    warning  '$' is not defined                                no-undef
  181:1    warning  '$' is not defined                                no-undef
  181:55   warning  '$' is not defined                                no-undef
  182:1    warning  '$' is not defined                                no-undef
  182:55   warning  '$' is not defined                                no-undef
  183:1    warning  '$' is not defined                                no-undef
  186:1    warning  '$' is not defined                                no-undef
  187:1    warning  '$' is not defined                                no-undef
  190:1    warning  '$' is not defined                                no-undef
  190:55   warning  '$' is not defined                                no-undef
  191:1    warning  '$' is not defined                                no-undef
  191:55   warning  '$' is not defined                                no-undef
  192:1    warning  '$' is not defined                                no-undef
  205:29   warning  'rad' is not defined                              no-undef
  206:25   warning  'rad' is not defined                              no-undef
  207:29   warning  'rad' is not defined                              no-undef
  214:3    warning  '$' is not defined                                no-undef
  215:3    warning  '$' is not defined                                no-undef
  220:3    warning  '$' is not defined                                no-undef
  221:3    warning  '$' is not defined                                no-undef
  232:14   warning  '$' is not defined                                no-undef
  232:65   warning  '$' is not defined                                no-undef
  233:13   warning  '$' is not defined                                no-undef
  233:63   warning  '$' is not defined                                no-undef
  246:1    warning  '$' is not defined                                no-undef
  246:32   warning  '$' is not defined                                no-undef
  247:1    warning  '$' is not defined                                no-undef
  247:32   warning  '$' is not defined                                no-undef
  248:1    warning  '$' is not defined                                no-undef
  248:32   warning  '$' is not defined                                no-undef
  249:1    warning  '$' is not defined                                no-undef
  249:32   warning  '$' is not defined                                no-undef
  250:1    warning  '$' is not defined                                no-undef
  250:36   warning  '$' is not defined                                no-undef
  251:1    warning  '$' is not defined                                no-undef
  251:36   warning  '$' is not defined                                no-undef
  253:4    warning  '$' is not defined                                no-undef
  254:4    warning  '$' is not defined                                no-undef
  255:4    warning  '$' is not defined                                no-undef
  256:4    warning  '$' is not defined                                no-undef
  261:1    warning  '$' is not defined                                no-undef
  262:1    warning  '$' is not defined                                no-undef
  264:1    warning  '$' is not defined                                no-undef
  265:1    warning  '$' is not defined                                no-undef
  266:1    warning  '$' is not defined                                no-undef
  267:1    warning  '$' is not defined                                no-undef
  268:1    warning  '$' is not defined                                no-undef
  269:1    warning  '$' is not defined                                no-undef
  270:1    warning  '$' is not defined                                no-undef
  271:1    warning  '$' is not defined                                no-undef
  274:18   warning  '$' is not defined                                no-undef
  275:20   warning  'deg' is not defined                              no-undef
  281:1    warning  '$' is not defined                                no-undef
  282:1    warning  '$' is not defined                                no-undef
  283:1    warning  '$' is not defined                                no-undef
  284:1    warning  '$' is not defined                                no-undef
  285:1    warning  '$' is not defined                                no-undef
  286:1    warning  '$' is not defined                                no-undef
  287:1    warning  '$' is not defined                                no-undef
  288:1    warning  '$' is not defined                                no-undef
  290:1    warning  '$' is not defined                                no-undef
  291:1    warning  '$' is not defined                                no-undef
  293:8    warning  '$' is not defined                                no-undef
  294:18   warning  '$' is not defined                                no-undef
  304:28   warning  'rad' is not defined                              no-undef
  305:24   warning  'rad' is not defined                              no-undef
  306:28   warning  'rad' is not defined                              no-undef
  308:13   warning  '$' is not defined                                no-undef
  308:65   warning  '$' is not defined                                no-undef
  316:35   warning  'rad' is not defined                              no-undef
  317:33   warning  'rad' is not defined                              no-undef
  321:9    warning  'deg' is not defined                              no-undef
  324:9    warning  'deg' is not defined                              no-undef
  324:36   warning  'rad' is not defined                              no-undef
  324:61   warning  'rad' is not defined                              no-undef
  327:32   warning  'rad' is not defined                              no-undef
  328:32   warning  'rad' is not defined                              no-undef
  342:37   warning  'rad' is not defined                              no-undef
  343:37   warning  'rad' is not defined                              no-undef
  344:36   warning  'rad' is not defined                              no-undef
  344:58   warning  'rad' is not defined                              no-undef
  344:80   warning  'rad' is not defined                              no-undef
  344:102  warning  'rad' is not defined                              no-undef
  344:126  warning  'rad' is not defined                              no-undef
  344:148  warning  'rad' is not defined                              no-undef
  344:170  warning  'rad' is not defined                              no-undef
  344:192  warning  'rad' is not defined                              no-undef
  345:36   warning  'rad' is not defined                              no-undef
  345:58   warning  'rad' is not defined                              no-undef
  345:80   warning  'rad' is not defined                              no-undef
  345:102  warning  'rad' is not defined                              no-undef
  345:126  warning  'rad' is not defined                              no-undef
  345:148  warning  'rad' is not defined                              no-undef
  345:170  warning  'rad' is not defined                              no-undef
  345:192  warning  'rad' is not defined                              no-undef
  348:39   warning  'rad' is not defined                              no-undef
  349:39   warning  'rad' is not defined                              no-undef
  350:38   warning  'rad' is not defined                              no-undef
  351:38   warning  'rad' is not defined                              no-undef
  359:16   warning  '$' is not defined                                no-undef
  359:67   warning  '$' is not defined                                no-undef
  360:13   warning  '$' is not defined                                no-undef
  360:63   warning  '$' is not defined                                no-undef
  367:58   warning  '$' is not defined                                no-undef
  367:141  warning  '$' is not defined                                no-undef
  381:3    warning  '$' is not defined                                no-undef
  382:3    warning  '$' is not defined                                no-undef
  383:3    warning  '$' is not defined                                no-undef
  398:3    warning  '$' is not defined                                no-undef
  399:3    warning  '$' is not defined                                no-undef
  400:3    warning  '$' is not defined                                no-undef
  401:5    warning  'pointtrans' is not defined                       no-undef
  402:5    warning  'pointtrans' is not defined                       no-undef
  403:5    warning  'pointtrans' is not defined                       no-undef
  404:5    warning  'pointtrans' is not defined                       no-undef
  407:3    warning  'pointjoin' is not defined                        no-undef
  408:3    warning  'pointjoin' is not defined                        no-undef
  409:3    warning  'pointjoin' is not defined                        no-undef
  410:3    warning  'pointjoin' is not defined                        no-undef
  412:3    warning  'pointdisp' is not defined                        no-undef
  413:3    warning  'pointdisp' is not defined                        no-undef
  414:3    warning  'pointdisp' is not defined                        no-undef
  415:3    warning  'pointdisp' is not defined                        no-undef
  437:6    warning  'pointtrans' is not defined                       no-undef
  438:7    warning  'pointtrans' is not defined                       no-undef
  439:7    warning  'pointtrans' is not defined                       no-undef
  440:7    warning  'pointtrans' is not defined                       no-undef
  442:3    warning  'pointjoin' is not defined                        no-undef
  443:3    warning  'drawArrow' is not defined                        no-undef
  445:3    warning  'pointjoin' is not defined                        no-undef
  446:3    warning  'drawArrow' is not defined                        no-undef
  446:51   warning  'signof' is not defined                           no-undef
  448:3    warning  'pointjoin' is not defined                        no-undef
  449:3    warning  'drawArrow' is not defined                        no-undef
  449:51   warning  'signof' is not defined                           no-undef
  515:39   warning  'roundd' is not defined                           no-undef
  516:39   warning  'roundd' is not defined                           no-undef
  517:39   warning  'roundd' is not defined                           no-undef
  518:46   warning  'roundd' is not defined                           no-undef
  519:46   warning  'roundd' is not defined                           no-undef
  520:46   warning  'roundd' is not defined                           no-undef
  521:39   warning  'roundd' is not defined                           no-undef
  522:39   warning  'roundd' is not defined                           no-undef
  523:39   warning  'roundd' is not defined                           no-undef

/home/runner/work/exp-velocity-analysis-nongrashof-nitk/exp-velocity-analysis-nongrashof-nitk/experiment/simulation/js/script.js
   3:7   warning  'ctx' is assigned a value but never used  no-unused-vars
  10:3   warning  '$' is not defined                        no-undef
  11:3   warning  '$' is not defined                        no-undef
  12:3   warning  '$' is not defined                        no-undef
  13:3   warning  '$' is not defined                        no-undef
  14:3   warning  '$' is not defined                        no-undef
  15:3   warning  '$' is not defined                        no-undef
  16:3   warning  '$' is not defined                        no-undef
  17:3   warning  '$' is not defined                        no-undef
  20:3   warning  '$' is not defined                        no-undef
  21:3   warning  '$' is not defined                        no-undef
  23:3   warning  '$' is not defined                        no-undef
  24:5   warning  '$' is not defined                        no-undef
  25:5   warning  'time' is not defined                     no-undef
  28:3   warning  '$' is not defined                        no-undef
  29:5   warning  '$' is not defined                        no-undef
  30:5   warning  'time' is not defined                     no-undef
  33:3   warning  '$' is not defined                        no-undef
  37:3   warning  '$' is not defined                        no-undef
  38:3   warning  '$' is not defined                        no-undef
  40:3   warning  '$' is not defined                        no-undef
  41:5   warning  '$' is not defined                        no-undef
  42:5   warning  'time' is not defined                     no-undef
  45:3   warning  '$' is not defined                        no-undef
  46:5   warning  '$' is not defined                        no-undef
  47:5   warning  'time' is not defined                     no-undef
  50:3   warning  '$' is not defined                        no-undef
  53:3   warning  '$' is not defined                        no-undef
  57:3   warning  '$' is not defined                        no-undef
  58:3   warning  '$' is not defined                        no-undef
  60:3   warning  '$' is not defined                        no-undef
  61:5   warning  '$' is not defined                        no-undef
  62:5   warning  'time' is not defined                     no-undef
  65:3   warning  '$' is not defined                        no-undef
  66:5   warning  '$' is not defined                        no-undef
  67:5   warning  'time' is not defined                     no-undef
  70:3   warning  '$' is not defined                        no-undef
  73:3   warning  '$' is not defined                        no-undef
  74:3   warning  '$' is not defined                        no-undef
  77:3   warning  '$' is not defined                        no-undef
  77:38  warning  '$' is not defined                        no-undef
  78:3   warning  '$' is not defined                        no-undef
  78:40  warning  '$' is not defined                        no-undef
  79:3   warning  '$' is not defined                        no-undef
  79:38  warning  '$' is not defined                        no-undef
  80:3   warning  'endmass' is not defined                  no-undef
  80:13  warning  '$' is not defined                        no-undef
  81:3   warning  'beamlength' is not defined               no-undef
  81:16  warning  '$' is not defined                        no-undef
  82:3   warning  'dampingratio' is not defined             no-undef
  82:18  warning  '$' is not defined                        no-undef
  84:3   warning  Unnecessary semicolon                     no-extra-semi

✖ 398 problems (1 error, 397 warnings)
  0 errors and 1 warning potentially fixable with the `--fix` option.

